Reading netlist file: "C:\Users\imaoca09\OneDrive\source\tangnano\neuro9k\impl\gwsynthesis\neuro9k.vg"
Parsing netlist file "C:\Users\imaoca09\OneDrive\source\tangnano\neuro9k\impl\gwsynthesis\neuro9k.vg" completed
Processing netlist completed
Reading constraint file: "C:\Users\imaoca09\OneDrive\source\tangnano\neuro9k\src\neuro9k.cst"
Physical Constraint parsed completed
Running placement......
[10%] Placement Phase 0 completed
[20%] Placement Phase 1 completed
[30%] Placement Phase 2 completed
[50%] Placement Phase 3 completed
Running routing......
[60%] Routing Phase 0 completed
[70%] Routing Phase 1 completed
[80%] Routing Phase 2 completed
[90%] Routing Phase 3 completed
Running timing analysis......
[95%] Timing analysis completed
Placement and routing completed
Bitstream generation in progress......
Bitstream generation completed
Running power analysis......
[100%] Power analysis completed
Generate file "C:\Users\imaoca09\OneDrive\source\tangnano\neuro9k\impl\pnr\neuro9k.power.html" completed
Generate file "C:\Users\imaoca09\OneDrive\source\tangnano\neuro9k\impl\pnr\neuro9k.pin.html" completed
Generate file "C:\Users\imaoca09\OneDrive\source\tangnano\neuro9k\impl\pnr\neuro9k.rpt.html" completed
Generate file "C:\Users\imaoca09\OneDrive\source\tangnano\neuro9k\impl\pnr\neuro9k.rpt.txt" completed
Generate file "C:\Users\imaoca09\OneDrive\source\tangnano\neuro9k\impl\pnr\neuro9k.tr.html" completed
Fri Sep 29 01:54:17 2023

